<?xml version="1.0" encoding="UTF-8"?>
<!-- Generated by org.testng.reporters.JUnitReportReporter -->
<testsuite hostname="DESKTOP-G1OCVHV" failures="0" tests="1" name="testCases.TC001_Accregitrationtest" time="9.227" errors="0" timestamp="2025-06-27T13:15:37 IST" skipped="0">
  <testcase classname="testCases.TC001_Accregitrationtest" name="varify_account_registration" time="9.227"/>
</testsuite> <!-- testCases.TC001_Accregitrationtest -->
